<?xml version="1.0" encoding="UTF-8"?>
<coverage generated="1646576677700" clover="3.2.0">
  <project timestamp="1646576677700" name="All files">
    <metrics statements="66" coveredstatements="26" conditionals="10" coveredconditionals="3" methods="22" coveredmethods="8" elements="98" coveredelements="37" complexity="0" loc="66" ncloc="66" packages="2" files="5" classes="5"/>
    <package name="components">
      <metrics statements="26" coveredstatements="23" conditionals="4" coveredconditionals="2" methods="8" coveredmethods="7"/>
      <file name="AccountErrorMessage.vue" path="/Users/johndennehy/Documents/WIT HDIP Computer Science/FYP/vue-js-frontend/src/components/AccountErrorMessage.vue">
        <metrics statements="3" coveredstatements="2" conditionals="0" coveredconditionals="0" methods="2" coveredmethods="1"/>
        <line num="13" count="2" type="stmt"/>
        <line num="23" count="8" type="stmt"/>
        <line num="30" count="0" type="stmt"/>
      </file>
      <file name="LoginForm.vue" path="/Users/johndennehy/Documents/WIT HDIP Computer Science/FYP/vue-js-frontend/src/components/LoginForm.vue">
        <metrics statements="13" coveredstatements="12" conditionals="2" coveredconditionals="1" methods="3" coveredmethods="3"/>
        <line num="41" count="1" type="stmt"/>
        <line num="42" count="1" type="stmt"/>
        <line num="43" count="1" type="stmt"/>
        <line num="51" count="5" type="stmt"/>
        <line num="64" count="1" type="stmt"/>
        <line num="68" count="1" type="stmt"/>
        <line num="70" count="1" type="cond" truecount="1" falsecount="1"/>
        <line num="71" count="1" type="stmt"/>
        <line num="72" count="1" type="stmt"/>
        <line num="73" count="1" type="stmt"/>
        <line num="74" count="1" type="stmt"/>
        <line num="76" count="0" type="stmt"/>
        <line num="80" count="1" type="stmt"/>
      </file>
      <file name="LoginImage.vue" path="/Users/johndennehy/Documents/WIT HDIP Computer Science/FYP/vue-js-frontend/src/components/LoginImage.vue">
        <metrics statements="1" coveredstatements="1" conditionals="0" coveredconditionals="0" methods="0" coveredmethods="0"/>
        <line num="8" count="1" type="stmt"/>
      </file>
      <file name="RegisterForm.vue" path="/Users/johndennehy/Documents/WIT HDIP Computer Science/FYP/vue-js-frontend/src/components/RegisterForm.vue">
        <metrics statements="9" coveredstatements="8" conditionals="2" coveredconditionals="1" methods="3" coveredmethods="3"/>
        <line num="38" count="1" type="stmt"/>
        <line num="39" count="1" type="stmt"/>
        <line num="40" count="1" type="stmt"/>
        <line num="42" count="5" type="stmt"/>
        <line num="56" count="1" type="stmt"/>
        <line num="61" count="1" type="cond" truecount="1" falsecount="1"/>
        <line num="62" count="0" type="stmt"/>
        <line num="64" count="1" type="stmt"/>
        <line num="68" count="1" type="stmt"/>
      </file>
    </package>
    <package name="services">
      <metrics statements="40" coveredstatements="3" conditionals="6" coveredconditionals="1" methods="14" coveredmethods="1"/>
      <file name="UserService.js" path="/Users/johndennehy/Documents/WIT HDIP Computer Science/FYP/vue-js-frontend/src/services/UserService.js">
        <metrics statements="40" coveredstatements="3" conditionals="6" coveredconditionals="1" methods="14" coveredmethods="1"/>
        <line num="7" count="2" type="stmt"/>
        <line num="8" count="2" type="cond" truecount="1" falsecount="1"/>
        <line num="9" count="0" type="stmt"/>
        <line num="15" count="0" type="stmt"/>
        <line num="16" count="0" type="stmt"/>
        <line num="17" count="0" type="stmt"/>
        <line num="24" count="0" type="stmt"/>
        <line num="27" count="0" type="cond" truecount="0" falsecount="2"/>
        <line num="28" count="0" type="stmt"/>
        <line num="29" count="0" type="stmt"/>
        <line num="30" count="0" type="stmt"/>
        <line num="32" count="0" type="stmt"/>
        <line num="35" count="0" type="stmt"/>
        <line num="39" count="0" type="stmt"/>
        <line num="41" count="0" type="stmt"/>
        <line num="48" count="0" type="stmt"/>
        <line num="51" count="0" type="cond" truecount="0" falsecount="2"/>
        <line num="53" count="0" type="stmt"/>
        <line num="54" count="0" type="stmt"/>
        <line num="55" count="0" type="stmt"/>
        <line num="57" count="0" type="stmt"/>
        <line num="61" count="0" type="stmt"/>
        <line num="62" count="0" type="stmt"/>
        <line num="63" count="0" type="stmt"/>
        <line num="66" count="0" type="stmt"/>
        <line num="68" count="0" type="stmt"/>
        <line num="76" count="0" type="stmt"/>
        <line num="79" count="0" type="stmt"/>
        <line num="82" count="0" type="stmt"/>
        <line num="89" count="0" type="stmt"/>
        <line num="92" count="0" type="stmt"/>
        <line num="95" count="0" type="stmt"/>
        <line num="102" count="0" type="stmt"/>
        <line num="105" count="0" type="stmt"/>
        <line num="109" count="0" type="stmt"/>
        <line num="110" count="0" type="stmt"/>
        <line num="111" count="0" type="stmt"/>
        <line num="119" count="0" type="stmt"/>
        <line num="122" count="0" type="stmt"/>
        <line num="129" count="2" type="stmt"/>
      </file>
    </package>
  </project>
</coverage>
