{"/Users/johndennehy/Documents/WIT HDIP Computer Science/FYP/vue-js-frontend/src/components/AccountErrorMessage.vue": {"path":"/Users/johndennehy/Documents/WIT HDIP Computer Science/FYP/vue-js-frontend/src/components/AccountErrorMessage.vue","statementMap":{"0":{"start":{"line":13,"column":15},"end":{"line":13,"column":null}},"1":{"start":{"line":23,"column":4},"end":{"line":23,"column":11}},"2":{"start":{"line":30,"column":6},"end":{"line":30,"column":11}}},"fnMap":{"0":{"name":"(anonymous_0)","decl":{"start":{"line":22,"column":2},"end":{"line":22,"column":6}},"loc":{"start":{"line":22,"column":9},"end":{"line":26,"column":null}}},"1":{"name":"(anonymous_1)","decl":{"start":{"line":29,"column":4},"end":{"line":29,"column":20}},"loc":{"start":{"line":29,"column":23},"end":{"line":31,"column":null}}}},"branchMap":{},"s":{"0":2,"1":8,"2":0},"f":{"0":8,"1":0},"b":{}}
,"/Users/johndennehy/Documents/WIT HDIP Computer Science/FYP/vue-js-frontend/src/components/LoginForm.vue": {"path":"/Users/johndennehy/Documents/WIT HDIP Computer Science/FYP/vue-js-frontend/src/components/LoginForm.vue","statementMap":{"0":{"start":{"line":41,"column":0},"end":{"line":41,"column":null}},"1":{"start":{"line":42,"column":0},"end":{"line":42,"column":null}},"2":{"start":{"line":43,"column":15},"end":{"line":43,"column":null}},"3":{"start":{"line":51,"column":4},"end":{"line":51,"column":11}},"4":{"start":{"line":64,"column":19},"end":{"line":64,"column":30}},"5":{"start":{"line":68,"column":6},"end":{"line":68,"column":13}},"6":{"start":{"line":70,"column":6},"end":{"line":77,"column":null}},"7":{"start":{"line":71,"column":8},"end":{"line":71,"column":13}},"8":{"start":{"line":72,"column":8},"end":{"line":72,"column":13}},"9":{"start":{"line":73,"column":8},"end":{"line":73,"column":13}},"10":{"start":{"line":74,"column":8},"end":{"line":74,"column":13}},"11":{"start":{"line":76,"column":8},"end":{"line":76,"column":13}},"12":{"start":{"line":80,"column":6},"end":{"line":80,"column":11}}},"fnMap":{"0":{"name":"(anonymous_0)","decl":{"start":{"line":50,"column":2},"end":{"line":50,"column":6}},"loc":{"start":{"line":50,"column":9},"end":{"line":58,"column":null}}},"1":{"name":"(anonymous_1)","decl":{"start":{"line":63,"column":4},"end":{"line":63,"column":10}},"loc":{"start":{"line":63,"column":23},"end":{"line":78,"column":null}}},"2":{"name":"(anonymous_2)","decl":{"start":{"line":79,"column":4},"end":{"line":79,"column":20}},"loc":{"start":{"line":79,"column":23},"end":{"line":81,"column":null}}}},"branchMap":{"0":{"loc":{"start":{"line":70,"column":6},"end":{"line":77,"column":null}},"type":"if","locations":[{"start":{"line":70,"column":6},"end":{"line":77,"column":null}},{"start":{"line":70,"column":6},"end":{"line":77,"column":null}}]}},"s":{"0":1,"1":1,"2":1,"3":5,"4":1,"5":1,"6":1,"7":1,"8":1,"9":1,"10":1,"11":0,"12":1},"f":{"0":5,"1":1,"2":1},"b":{"0":[1,0]}}
,"/Users/johndennehy/Documents/WIT HDIP Computer Science/FYP/vue-js-frontend/src/components/LoginImage.vue": {"path":"/Users/johndennehy/Documents/WIT HDIP Computer Science/FYP/vue-js-frontend/src/components/LoginImage.vue","statementMap":{"0":{"start":{"line":8,"column":15},"end":{"line":8,"column":null}}},"fnMap":{},"branchMap":{},"s":{"0":1},"f":{},"b":{}}
,"/Users/johndennehy/Documents/WIT HDIP Computer Science/FYP/vue-js-frontend/src/components/RegisterForm.vue": {"path":"/Users/johndennehy/Documents/WIT HDIP Computer Science/FYP/vue-js-frontend/src/components/RegisterForm.vue","statementMap":{"0":{"start":{"line":38,"column":0},"end":{"line":38,"column":null}},"1":{"start":{"line":39,"column":0},"end":{"line":39,"column":null}},"2":{"start":{"line":40,"column":15},"end":{"line":40,"column":null}},"3":{"start":{"line":42,"column":4},"end":{"line":42,"column":11}},"4":{"start":{"line":56,"column":19},"end":{"line":56,"column":30}},"5":{"start":{"line":61,"column":6},"end":{"line":65,"column":null}},"6":{"start":{"line":62,"column":8},"end":{"line":62,"column":13}},"7":{"start":{"line":64,"column":8},"end":{"line":64,"column":13}},"8":{"start":{"line":68,"column":6},"end":{"line":68,"column":11}}},"fnMap":{"0":{"name":"(anonymous_0)","decl":{"start":{"line":41,"column":2},"end":{"line":41,"column":6}},"loc":{"start":{"line":41,"column":9},"end":{"line":48,"column":null}}},"1":{"name":"(anonymous_1)","decl":{"start":{"line":55,"column":4},"end":{"line":55,"column":10}},"loc":{"start":{"line":55,"column":23},"end":{"line":66,"column":null}}},"2":{"name":"(anonymous_2)","decl":{"start":{"line":67,"column":4},"end":{"line":67,"column":20}},"loc":{"start":{"line":67,"column":23},"end":{"line":69,"column":null}}}},"branchMap":{"0":{"loc":{"start":{"line":61,"column":6},"end":{"line":65,"column":null}},"type":"if","locations":[{"start":{"line":61,"column":6},"end":{"line":65,"column":null}},{"start":{"line":61,"column":6},"end":{"line":65,"column":null}}]}},"s":{"0":1,"1":1,"2":1,"3":5,"4":1,"5":1,"6":0,"7":1,"8":1},"f":{"0":5,"1":1,"2":1},"b":{"0":[0,1]}}
,"/Users/johndennehy/Documents/WIT HDIP Computer Science/FYP/vue-js-frontend/src/services/UserService.js": {"path":"/Users/johndennehy/Documents/WIT HDIP Computer Science/FYP/vue-js-frontend/src/services/UserService.js","statementMap":{"0":{"start":{"line":7,"column":4},"end":{"line":7,"column":43}},"1":{"start":{"line":8,"column":4},"end":{"line":11,"column":5}},"2":{"start":{"line":9,"column":6},"end":{"line":10,"column":39}},"3":{"start":{"line":15,"column":20},"end":{"line":15,"column":56}},"4":{"start":{"line":16,"column":4},"end":{"line":36,"column":5}},"5":{"start":{"line":17,"column":23},"end":{"line":25,"column":10}},"6":{"start":{"line":24,"column":10},"end":{"line":24,"column":27}},"7":{"start":{"line":27,"column":6},"end":{"line":33,"column":7}},"8":{"start":{"line":28,"column":8},"end":{"line":28,"column":62}},"9":{"start":{"line":29,"column":8},"end":{"line":29,"column":57}},"10":{"start":{"line":30,"column":8},"end":{"line":30,"column":36}},"11":{"start":{"line":32,"column":8},"end":{"line":32,"column":21}},"12":{"start":{"line":35,"column":6},"end":{"line":35,"column":19}},"13":{"start":{"line":39,"column":20},"end":{"line":39,"column":56}},"14":{"start":{"line":41,"column":21},"end":{"line":49,"column":8}},"15":{"start":{"line":48,"column":8},"end":{"line":48,"column":25}},"16":{"start":{"line":51,"column":4},"end":{"line":58,"column":5}},"17":{"start":{"line":53,"column":6},"end":{"line":53,"column":66}},"18":{"start":{"line":54,"column":6},"end":{"line":54,"column":33}},"19":{"start":{"line":55,"column":6},"end":{"line":55,"column":27}},"20":{"start":{"line":57,"column":6},"end":{"line":57,"column":19}},"21":{"start":{"line":61,"column":4},"end":{"line":61,"column":34}},"22":{"start":{"line":62,"column":4},"end":{"line":62,"column":37}},"23":{"start":{"line":63,"column":4},"end":{"line":63,"column":39}},"24":{"start":{"line":66,"column":20},"end":{"line":66,"column":36}},"25":{"start":{"line":68,"column":21},"end":{"line":77,"column":8}},"26":{"start":{"line":76,"column":8},"end":{"line":76,"column":25}},"27":{"start":{"line":79,"column":4},"end":{"line":79,"column":20}},"28":{"start":{"line":82,"column":21},"end":{"line":90,"column":8}},"29":{"start":{"line":89,"column":8},"end":{"line":89,"column":25}},"30":{"start":{"line":92,"column":4},"end":{"line":92,"column":20}},"31":{"start":{"line":95,"column":21},"end":{"line":103,"column":8}},"32":{"start":{"line":102,"column":8},"end":{"line":102,"column":25}},"33":{"start":{"line":105,"column":4},"end":{"line":105,"column":20}},"34":{"start":{"line":109,"column":18},"end":{"line":109,"column":32}},"35":{"start":{"line":110,"column":4},"end":{"line":110,"column":34}},"36":{"start":{"line":111,"column":21},"end":{"line":120,"column":8}},"37":{"start":{"line":119,"column":8},"end":{"line":119,"column":25}},"38":{"start":{"line":122,"column":4},"end":{"line":122,"column":20}},"39":{"start":{"line":129,"column":20},"end":{"line":129,"column":37}}},"fnMap":{"0":{"name":"(anonymous_0)","decl":{"start":{"line":6,"column":2},"end":{"line":6,"column":3}},"loc":{"start":{"line":6,"column":16},"end":{"line":12,"column":3}},"line":6},"1":{"name":"(anonymous_1)","decl":{"start":{"line":14,"column":2},"end":{"line":14,"column":3}},"loc":{"start":{"line":14,"column":38},"end":{"line":37,"column":3}},"line":14},"2":{"name":"(anonymous_2)","decl":{"start":{"line":23,"column":15},"end":{"line":23,"column":16}},"loc":{"start":{"line":23,"column":26},"end":{"line":25,"column":9}},"line":23},"3":{"name":"(anonymous_3)","decl":{"start":{"line":38,"column":2},"end":{"line":38,"column":3}},"loc":{"start":{"line":38,"column":35},"end":{"line":59,"column":3}},"line":38},"4":{"name":"(anonymous_4)","decl":{"start":{"line":47,"column":13},"end":{"line":47,"column":14}},"loc":{"start":{"line":47,"column":24},"end":{"line":49,"column":7}},"line":47},"5":{"name":"(anonymous_5)","decl":{"start":{"line":60,"column":2},"end":{"line":60,"column":3}},"loc":{"start":{"line":60,"column":15},"end":{"line":64,"column":3}},"line":60},"6":{"name":"(anonymous_6)","decl":{"start":{"line":65,"column":2},"end":{"line":65,"column":3}},"loc":{"start":{"line":65,"column":32},"end":{"line":80,"column":3}},"line":65},"7":{"name":"(anonymous_7)","decl":{"start":{"line":75,"column":13},"end":{"line":75,"column":14}},"loc":{"start":{"line":75,"column":24},"end":{"line":77,"column":7}},"line":75},"8":{"name":"(anonymous_8)","decl":{"start":{"line":81,"column":2},"end":{"line":81,"column":3}},"loc":{"start":{"line":81,"column":32},"end":{"line":93,"column":3}},"line":81},"9":{"name":"(anonymous_9)","decl":{"start":{"line":88,"column":13},"end":{"line":88,"column":14}},"loc":{"start":{"line":88,"column":24},"end":{"line":90,"column":7}},"line":88},"10":{"name":"(anonymous_10)","decl":{"start":{"line":94,"column":2},"end":{"line":94,"column":3}},"loc":{"start":{"line":94,"column":20},"end":{"line":106,"column":3}},"line":94},"11":{"name":"(anonymous_11)","decl":{"start":{"line":101,"column":13},"end":{"line":101,"column":14}},"loc":{"start":{"line":101,"column":24},"end":{"line":103,"column":7}},"line":101},"12":{"name":"(anonymous_12)","decl":{"start":{"line":108,"column":2},"end":{"line":108,"column":3}},"loc":{"start":{"line":108,"column":42},"end":{"line":124,"column":3}},"line":108},"13":{"name":"(anonymous_13)","decl":{"start":{"line":118,"column":13},"end":{"line":118,"column":14}},"loc":{"start":{"line":118,"column":24},"end":{"line":120,"column":7}},"line":118}},"branchMap":{"0":{"loc":{"start":{"line":8,"column":4},"end":{"line":11,"column":5}},"type":"if","locations":[{"start":{"line":8,"column":4},"end":{"line":11,"column":5}},{"start":{"line":8,"column":4},"end":{"line":11,"column":5}}],"line":8},"1":{"loc":{"start":{"line":27,"column":6},"end":{"line":33,"column":7}},"type":"if","locations":[{"start":{"line":27,"column":6},"end":{"line":33,"column":7}},{"start":{"line":27,"column":6},"end":{"line":33,"column":7}}],"line":27},"2":{"loc":{"start":{"line":51,"column":4},"end":{"line":58,"column":5}},"type":"if","locations":[{"start":{"line":51,"column":4},"end":{"line":58,"column":5}},{"start":{"line":51,"column":4},"end":{"line":58,"column":5}}],"line":51}},"s":{"0":2,"1":2,"2":0,"3":0,"4":0,"5":0,"6":0,"7":0,"8":0,"9":0,"10":0,"11":0,"12":0,"13":0,"14":0,"15":0,"16":0,"17":0,"18":0,"19":0,"20":0,"21":0,"22":0,"23":0,"24":0,"25":0,"26":0,"27":0,"28":0,"29":0,"30":0,"31":0,"32":0,"33":0,"34":0,"35":0,"36":0,"37":0,"38":0,"39":2},"f":{"0":2,"1":0,"2":0,"3":0,"4":0,"5":0,"6":0,"7":0,"8":0,"9":0,"10":0,"11":0,"12":0,"13":0},"b":{"0":[0,2],"1":[0,0],"2":[0,0]},"_coverageSchema":"43e27e138ebf9cfc5966b082cf9a028302ed4184","hash":"49c387ef032c14d0b1ae2278e00c8a79b7eab3b7"}
}
