TN:
SF:/Users/johndennehy/Documents/WIT HDIP Computer Science/FYP/vue-js-frontend/src/components/AccountErrorMessage.vue
FN:22,(anonymous_0)
FN:29,(anonymous_1)
FNF:2
FNH:1
FNDA:8,(anonymous_0)
FNDA:0,(anonymous_1)
DA:13,2
DA:23,8
DA:30,0
LF:3
LH:2
BRF:0
BRH:0
end_of_record
TN:
SF:/Users/johndennehy/Documents/WIT HDIP Computer Science/FYP/vue-js-frontend/src/components/LoginForm.vue
FN:50,(anonymous_0)
FN:63,(anonymous_1)
FN:79,(anonymous_2)
FNF:3
FNH:3
FNDA:5,(anonymous_0)
FNDA:1,(anonymous_1)
FNDA:1,(anonymous_2)
DA:41,1
DA:42,1
DA:43,1
DA:51,5
DA:64,1
DA:68,1
DA:70,1
DA:71,1
DA:72,1
DA:73,1
DA:74,1
DA:76,0
DA:80,1
LF:13
LH:12
BRDA:70,0,0,1
BRDA:70,0,1,0
BRF:2
BRH:1
end_of_record
TN:
SF:/Users/johndennehy/Documents/WIT HDIP Computer Science/FYP/vue-js-frontend/src/components/LoginImage.vue
FNF:0
FNH:0
DA:8,1
LF:1
LH:1
BRF:0
BRH:0
end_of_record
TN:
SF:/Users/johndennehy/Documents/WIT HDIP Computer Science/FYP/vue-js-frontend/src/components/RegisterForm.vue
FN:41,(anonymous_0)
FN:55,(anonymous_1)
FN:67,(anonymous_2)
FNF:3
FNH:3
FNDA:5,(anonymous_0)
FNDA:1,(anonymous_1)
FNDA:1,(anonymous_2)
DA:38,1
DA:39,1
DA:40,1
DA:42,5
DA:56,1
DA:61,1
DA:62,0
DA:64,1
DA:68,1
LF:9
LH:8
BRDA:61,0,0,0
BRDA:61,0,1,1
BRF:2
BRH:1
end_of_record
TN:
SF:/Users/johndennehy/Documents/WIT HDIP Computer Science/FYP/vue-js-frontend/src/services/UserService.js
FN:6,(anonymous_0)
FN:14,(anonymous_1)
FN:23,(anonymous_2)
FN:38,(anonymous_3)
FN:47,(anonymous_4)
FN:60,(anonymous_5)
FN:65,(anonymous_6)
FN:75,(anonymous_7)
FN:81,(anonymous_8)
FN:88,(anonymous_9)
FN:94,(anonymous_10)
FN:101,(anonymous_11)
FN:108,(anonymous_12)
FN:118,(anonymous_13)
FNF:14
FNH:1
FNDA:2,(anonymous_0)
FNDA:0,(anonymous_1)
FNDA:0,(anonymous_2)
FNDA:0,(anonymous_3)
FNDA:0,(anonymous_4)
FNDA:0,(anonymous_5)
FNDA:0,(anonymous_6)
FNDA:0,(anonymous_7)
FNDA:0,(anonymous_8)
FNDA:0,(anonymous_9)
FNDA:0,(anonymous_10)
FNDA:0,(anonymous_11)
FNDA:0,(anonymous_12)
FNDA:0,(anonymous_13)
DA:7,2
DA:8,2
DA:9,0
DA:15,0
DA:16,0
DA:17,0
DA:24,0
DA:27,0
DA:28,0
DA:29,0
DA:30,0
DA:32,0
DA:35,0
DA:39,0
DA:41,0
DA:48,0
DA:51,0
DA:53,0
DA:54,0
DA:55,0
DA:57,0
DA:61,0
DA:62,0
DA:63,0
DA:66,0
DA:68,0
DA:76,0
DA:79,0
DA:82,0
DA:89,0
DA:92,0
DA:95,0
DA:102,0
DA:105,0
DA:109,0
DA:110,0
DA:111,0
DA:119,0
DA:122,0
DA:129,2
LF:40
LH:3
BRDA:8,0,0,0
BRDA:8,0,1,2
BRDA:27,1,0,0
BRDA:27,1,1,0
BRDA:51,2,0,0
BRDA:51,2,1,0
BRF:6
BRH:1
end_of_record
